2014/03/26 17:24:55 [error] [exception.CDbException] exception 'CDbException' with message 'CDbConnection failed to open the DB connection: SQLSTATE[28000] [1045] Access denied for user 'root'@'localhost' (using password: YES)' in /Volumes/Mac HDD Storage/MAMP_htdocs/YiiRoot/framework/db/CDbConnection.php:382
Stack trace:
#0 /Volumes/Mac HDD Storage/MAMP_htdocs/YiiRoot/framework/db/CDbConnection.php(330): CDbConnection->open()
#1 /Volumes/Mac HDD Storage/MAMP_htdocs/YiiRoot/framework/db/CDbConnection.php(308): CDbConnection->setActive(true)
#2 /Volumes/Mac HDD Storage/MAMP_htdocs/YiiRoot/framework/base/CModule.php(387): CDbConnection->init()
#3 /Volumes/Mac HDD Storage/MAMP_htdocs/YiiRoot/framework/base/CModule.php(103): CModule->getComponent('db')
#4 /Volumes/Mac HDD Storage/MAMP_htdocs/YiiRoot/framework/gii/generators/model/ModelCode.php(60): CModule->__get('db')
#5 /Volumes/Mac HDD Storage/MAMP_htdocs/YiiRoot/framework/web/CFormModel.php(39): ModelCode->init()
#6 /Volumes/Mac HDD Storage/MAMP_htdocs/YiiRoot/framework/gii/CCodeGenerator.php(153): CFormModel->__construct()
#7 /Volumes/Mac HDD Storage/MAMP_htdocs/YiiRoot/framework/gii/CCodeGenerator.php(63): CCodeGenerator->prepare()
#8 /Volumes/Mac HDD Storage/MAMP_htdocs/YiiRoot/framework/web/actions/CInlineAction.php(49): CCodeGenerator->actionIndex()
#9 /Volumes/Mac HDD Storage/MAMP_htdocs/YiiRoot/framework/web/CController.php(308): CInlineAction->runWithParams(Array)
#10 /Volumes/Mac HDD Storage/MAMP_htdocs/YiiRoot/framework/web/CController.php(286): CController->runAction(Object(CInlineAction))
#11 /Volumes/Mac HDD Storage/MAMP_htdocs/YiiRoot/framework/web/CController.php(265): CController->runActionWithFilters(Object(CInlineAction), Array)
#12 /Volumes/Mac HDD Storage/MAMP_htdocs/YiiRoot/framework/web/CWebApplication.php(282): CController->run('index')
#13 /Volumes/Mac HDD Storage/MAMP_htdocs/YiiRoot/framework/web/CWebApplication.php(141): CWebApplication->runController('gii/model/index')
#14 /Volumes/Mac HDD Storage/MAMP_htdocs/YiiRoot/framework/base/CApplication.php(180): CWebApplication->processRequest()
#15 /Volumes/Mac HDD Storage/MAMP_htdocs/twitter_auto_favorite_app/index.php(13): CApplication->run()
#16 {main}
REQUEST_URI=/twitter_auto_favorite_app/index.php?r=gii/model/index
HTTP_REFERER=http://localhost/twitter_auto_favorite_app/index.php?r=gii/default/index
---
2014/03/26 17:25:11 [error] [exception.CDbException] exception 'CDbException' with message 'CDbConnection failed to open the DB connection: SQLSTATE[28000] [1045] Access denied for user 'root'@'localhost' (using password: YES)' in /Volumes/Mac HDD Storage/MAMP_htdocs/YiiRoot/framework/db/CDbConnection.php:382
Stack trace:
#0 /Volumes/Mac HDD Storage/MAMP_htdocs/YiiRoot/framework/db/CDbConnection.php(330): CDbConnection->open()
#1 /Volumes/Mac HDD Storage/MAMP_htdocs/YiiRoot/framework/db/CDbConnection.php(308): CDbConnection->setActive(true)
#2 /Volumes/Mac HDD Storage/MAMP_htdocs/YiiRoot/framework/base/CModule.php(387): CDbConnection->init()
#3 /Volumes/Mac HDD Storage/MAMP_htdocs/YiiRoot/framework/base/CModule.php(103): CModule->getComponent('db')
#4 /Volumes/Mac HDD Storage/MAMP_htdocs/YiiRoot/framework/gii/generators/model/ModelCode.php(60): CModule->__get('db')
#5 /Volumes/Mac HDD Storage/MAMP_htdocs/YiiRoot/framework/web/CFormModel.php(39): ModelCode->init()
#6 /Volumes/Mac HDD Storage/MAMP_htdocs/YiiRoot/framework/gii/CCodeGenerator.php(153): CFormModel->__construct()
#7 /Volumes/Mac HDD Storage/MAMP_htdocs/YiiRoot/framework/gii/CCodeGenerator.php(63): CCodeGenerator->prepare()
#8 /Volumes/Mac HDD Storage/MAMP_htdocs/YiiRoot/framework/web/actions/CInlineAction.php(49): CCodeGenerator->actionIndex()
#9 /Volumes/Mac HDD Storage/MAMP_htdocs/YiiRoot/framework/web/CController.php(308): CInlineAction->runWithParams(Array)
#10 /Volumes/Mac HDD Storage/MAMP_htdocs/YiiRoot/framework/web/CController.php(286): CController->runAction(Object(CInlineAction))
#11 /Volumes/Mac HDD Storage/MAMP_htdocs/YiiRoot/framework/web/CController.php(265): CController->runActionWithFilters(Object(CInlineAction), Array)
#12 /Volumes/Mac HDD Storage/MAMP_htdocs/YiiRoot/framework/web/CWebApplication.php(282): CController->run('index')
#13 /Volumes/Mac HDD Storage/MAMP_htdocs/YiiRoot/framework/web/CWebApplication.php(141): CWebApplication->runController('gii/model/index')
#14 /Volumes/Mac HDD Storage/MAMP_htdocs/YiiRoot/framework/base/CApplication.php(180): CWebApplication->processRequest()
#15 /Volumes/Mac HDD Storage/MAMP_htdocs/twitter_auto_favorite_app/index.php(13): CApplication->run()
#16 {main}
REQUEST_URI=/twitter_auto_favorite_app/index.php?r=gii/model/index
HTTP_REFERER=http://localhost/twitter_auto_favorite_app/index.php?r=gii/default/index
---
2014/03/26 17:26:51 [error] [system.db.CDbCommand] CDbCommand::fetchAll() failed: SQLSTATE[42S02]: Base table or view not found: 1146 Table 'twitter_auto_favorite.twitter_users' doesn't exist. The SQL statement executed was: SHOW FULL COLUMNS FROM `twitter_users`.
in /Volumes/Mac HDD Storage/MAMP_htdocs/twitter_auto_favorite_app/index.php (13)
2014/03/26 17:27:44 [error] [system.db.CDbCommand] CDbCommand::fetchAll() failed: SQLSTATE[42S02]: Base table or view not found: 1146 Table 'twitter_auto_favorite.twitter_users' doesn't exist. The SQL statement executed was: SHOW FULL COLUMNS FROM `twitter_users`.
in /Volumes/Mac HDD Storage/MAMP_htdocs/twitter_auto_favorite_app/index.php (13)
2014/03/26 18:06:49 [error] [exception.CException] exception 'CException' with message 'Property "User.twitter_users_key" is not defined.' in /Volumes/Mac HDD Storage/MAMP_htdocs/YiiRoot/framework/base/CComponent.php:130
Stack trace:
#0 /Volumes/Mac HDD Storage/MAMP_htdocs/YiiRoot/framework/db/ar/CActiveRecord.php(145): CComponent->__get('twitter_users_k...')
#1 /Volumes/Mac HDD Storage/MAMP_htdocs/YiiRoot/framework/db/ar/CActiveRecord.php(1277): CActiveRecord->__get('twitter_users_k...')
#2 /Volumes/Mac HDD Storage/MAMP_htdocs/YiiRoot/framework/db/ar/CActiveRecord.php(1096): CActiveRecord->getPrimaryKey()
#3 /Volumes/Mac HDD Storage/MAMP_htdocs/YiiRoot/framework/db/ar/CActiveRecord.php(806): CActiveRecord->insert(NULL)
#4 /Volumes/Mac HDD Storage/MAMP_htdocs/twitter_auto_favorite_app/protected/controllers/UserController.php(73): CActiveRecord->save()
#5 /Volumes/Mac HDD Storage/MAMP_htdocs/YiiRoot/framework/web/actions/CInlineAction.php(49): UserController->actionCreate()
#6 /Volumes/Mac HDD Storage/MAMP_htdocs/YiiRoot/framework/web/CController.php(308): CInlineAction->runWithParams(Array)
#7 /Volumes/Mac HDD Storage/MAMP_htdocs/YiiRoot/framework/web/filters/CFilterChain.php(133): CController->runAction(Object(CInlineAction))
#8 /Volumes/Mac HDD Storage/MAMP_htdocs/YiiRoot/framework/web/filters/CFilter.php(40): CFilterChain->run()
#9 /Volumes/Mac HDD Storage/MAMP_htdocs/YiiRoot/framework/web/CController.php(1145): CFilter->filter(Object(CFilterChain))
#10 /Volumes/Mac HDD Storage/MAMP_htdocs/YiiRoot/framework/web/filters/CInlineFilter.php(58): CController->filterAccessControl(Object(CFilterChain))
#11 /Volumes/Mac HDD Storage/MAMP_htdocs/YiiRoot/framework/web/filters/CFilterChain.php(130): CInlineFilter->filter(Object(CFilterChain))
#12 /Volumes/Mac HDD Storage/MAMP_htdocs/YiiRoot/framework/web/CController.php(291): CFilterChain->run()
#13 /Volumes/Mac HDD Storage/MAMP_htdocs/YiiRoot/framework/web/CController.php(265): CController->runActionWithFilters(Object(CInlineAction), Array)
#14 /Volumes/Mac HDD Storage/MAMP_htdocs/YiiRoot/framework/web/CWebApplication.php(282): CController->run('create')
#15 /Volumes/Mac HDD Storage/MAMP_htdocs/YiiRoot/framework/web/CWebApplication.php(141): CWebApplication->runController('user/create')
#16 /Volumes/Mac HDD Storage/MAMP_htdocs/YiiRoot/framework/base/CApplication.php(180): CWebApplication->processRequest()
#17 /Volumes/Mac HDD Storage/MAMP_htdocs/twitter_auto_favorite_app/index.php(13): CApplication->run()
#18 {main}
REQUEST_URI=/twitter_auto_favorite_app/index.php?r=user/create
HTTP_REFERER=http://localhost/twitter_auto_favorite_app/index.php?r=user/create
---
2014/03/26 18:06:53 [error] [exception.CException] exception 'CException' with message 'Property "User.twitter_users_key" is not defined.' in /Volumes/Mac HDD Storage/MAMP_htdocs/YiiRoot/framework/base/CComponent.php:130
Stack trace:
#0 /Volumes/Mac HDD Storage/MAMP_htdocs/YiiRoot/framework/db/ar/CActiveRecord.php(145): CComponent->__get('twitter_users_k...')
#1 /Volumes/Mac HDD Storage/MAMP_htdocs/YiiRoot/framework/db/ar/CActiveRecord.php(1277): CActiveRecord->__get('twitter_users_k...')
#2 /Volumes/Mac HDD Storage/MAMP_htdocs/YiiRoot/framework/db/ar/CActiveRecord.php(1863): CActiveRecord->getPrimaryKey()
#3 /Volumes/Mac HDD Storage/MAMP_htdocs/YiiRoot/framework/db/ar/CActiveRecord.php(1887): CActiveRecord->populateRecord(Array, true)
#4 /Volumes/Mac HDD Storage/MAMP_htdocs/YiiRoot/framework/db/ar/CActiveRecord.php(1351): CActiveRecord->populateRecords(Array, true, NULL)
#5 /Volumes/Mac HDD Storage/MAMP_htdocs/YiiRoot/framework/db/ar/CActiveRecord.php(1470): CActiveRecord->query(Object(CDbCriteria), true)
#6 /Volumes/Mac HDD Storage/MAMP_htdocs/YiiRoot/framework/web/CActiveDataProvider.php(199): CActiveRecord->findAll(Object(CDbCriteria))
#7 /Volumes/Mac HDD Storage/MAMP_htdocs/YiiRoot/framework/web/CDataProvider.php(168): CActiveDataProvider->fetchData()
#8 /Volumes/Mac HDD Storage/MAMP_htdocs/YiiRoot/framework/zii/widgets/CBaseListView.php(111): CDataProvider->getData()
#9 /Volumes/Mac HDD Storage/MAMP_htdocs/YiiRoot/framework/zii/widgets/grid/CGridView.php(339): CBaseListView->init()
#10 /Volumes/Mac HDD Storage/MAMP_htdocs/YiiRoot/framework/web/CBaseController.php(147): CGridView->init()
#11 /Volumes/Mac HDD Storage/MAMP_htdocs/YiiRoot/framework/web/CBaseController.php(172): CBaseController->createWidget('zii.widgets.gri...', Array)
#12 /Volumes/Mac HDD Storage/MAMP_htdocs/twitter_auto_favorite_app/protected/views/user/admin.php(56): CBaseController->widget('zii.widgets.gri...', Array)
#13 /Volumes/Mac HDD Storage/MAMP_htdocs/YiiRoot/framework/web/CBaseController.php(126): require('/Volumes/Mac HD...')
#14 /Volumes/Mac HDD Storage/MAMP_htdocs/YiiRoot/framework/web/CBaseController.php(95): CBaseController->renderInternal('/Volumes/Mac HD...', Array, true)
#15 /Volumes/Mac HDD Storage/MAMP_htdocs/YiiRoot/framework/web/CController.php(869): CBaseController->renderFile('/Volumes/Mac HD...', Array, true)
#16 /Volumes/Mac HDD Storage/MAMP_htdocs/YiiRoot/framework/web/CController.php(782): CController->renderPartial('admin', Array, true)
#17 /Volumes/Mac HDD Storage/MAMP_htdocs/twitter_auto_favorite_app/protected/controllers/UserController.php(143): CController->render('admin', Array)
#18 /Volumes/Mac HDD Storage/MAMP_htdocs/YiiRoot/framework/web/actions/CInlineAction.php(49): UserController->actionAdmin()
#19 /Volumes/Mac HDD Storage/MAMP_htdocs/YiiRoot/framework/web/CController.php(308): CInlineAction->runWithParams(Array)
#20 /Volumes/Mac HDD Storage/MAMP_htdocs/YiiRoot/framework/web/filters/CFilterChain.php(133): CController->runAction(Object(CInlineAction))
#21 /Volumes/Mac HDD Storage/MAMP_htdocs/YiiRoot/framework/web/filters/CFilter.php(40): CFilterChain->run()
#22 /Volumes/Mac HDD Storage/MAMP_htdocs/YiiRoot/framework/web/CController.php(1145): CFilter->filter(Object(CFilterChain))
#23 /Volumes/Mac HDD Storage/MAMP_htdocs/YiiRoot/framework/web/filters/CInlineFilter.php(58): CController->filterAccessControl(Object(CFilterChain))
#24 /Volumes/Mac HDD Storage/MAMP_htdocs/YiiRoot/framework/web/filters/CFilterChain.php(130): CInlineFilter->filter(Object(CFilterChain))
#25 /Volumes/Mac HDD Storage/MAMP_htdocs/YiiRoot/framework/web/CController.php(291): CFilterChain->run()
#26 /Volumes/Mac HDD Storage/MAMP_htdocs/YiiRoot/framework/web/CController.php(265): CController->runActionWithFilters(Object(CInlineAction), Array)
#27 /Volumes/Mac HDD Storage/MAMP_htdocs/YiiRoot/framework/web/CWebApplication.php(282): CController->run('admin')
#28 /Volumes/Mac HDD Storage/MAMP_htdocs/YiiRoot/framework/web/CWebApplication.php(141): CWebApplication->runController('user/admin')
#29 /Volumes/Mac HDD Storage/MAMP_htdocs/YiiRoot/framework/base/CApplication.php(180): CWebApplication->processRequest()
#30 /Volumes/Mac HDD Storage/MAMP_htdocs/twitter_auto_favorite_app/index.php(13): CApplication->run()
#31 {main}
REQUEST_URI=/twitter_auto_favorite_app/index.php?r=user/admin
HTTP_REFERER=http://localhost/twitter_auto_favorite_app/index.php?r=user/create
---
2014/03/26 18:08:42 [error] [exception.CException] exception 'CException' with message 'Property "User.twitter_users_key" is not defined.' in /Volumes/Mac HDD Storage/MAMP_htdocs/YiiRoot/framework/base/CComponent.php:130
Stack trace:
#0 /Volumes/Mac HDD Storage/MAMP_htdocs/YiiRoot/framework/db/ar/CActiveRecord.php(145): CComponent->__get('twitter_users_k...')
#1 /Volumes/Mac HDD Storage/MAMP_htdocs/YiiRoot/framework/db/ar/CActiveRecord.php(1277): CActiveRecord->__get('twitter_users_k...')
#2 /Volumes/Mac HDD Storage/MAMP_htdocs/YiiRoot/framework/db/ar/CActiveRecord.php(1096): CActiveRecord->getPrimaryKey()
#3 /Volumes/Mac HDD Storage/MAMP_htdocs/YiiRoot/framework/db/ar/CActiveRecord.php(806): CActiveRecord->insert(NULL)
#4 /Volumes/Mac HDD Storage/MAMP_htdocs/twitter_auto_favorite_app/protected/controllers/UserController.php(73): CActiveRecord->save()
#5 /Volumes/Mac HDD Storage/MAMP_htdocs/YiiRoot/framework/web/actions/CInlineAction.php(49): UserController->actionCreate()
#6 /Volumes/Mac HDD Storage/MAMP_htdocs/YiiRoot/framework/web/CController.php(308): CInlineAction->runWithParams(Array)
#7 /Volumes/Mac HDD Storage/MAMP_htdocs/YiiRoot/framework/web/filters/CFilterChain.php(133): CController->runAction(Object(CInlineAction))
#8 /Volumes/Mac HDD Storage/MAMP_htdocs/YiiRoot/framework/web/filters/CFilter.php(40): CFilterChain->run()
#9 /Volumes/Mac HDD Storage/MAMP_htdocs/YiiRoot/framework/web/CController.php(1145): CFilter->filter(Object(CFilterChain))
#10 /Volumes/Mac HDD Storage/MAMP_htdocs/YiiRoot/framework/web/filters/CInlineFilter.php(58): CController->filterAccessControl(Object(CFilterChain))
#11 /Volumes/Mac HDD Storage/MAMP_htdocs/YiiRoot/framework/web/filters/CFilterChain.php(130): CInlineFilter->filter(Object(CFilterChain))
#12 /Volumes/Mac HDD Storage/MAMP_htdocs/YiiRoot/framework/web/CController.php(291): CFilterChain->run()
#13 /Volumes/Mac HDD Storage/MAMP_htdocs/YiiRoot/framework/web/CController.php(265): CController->runActionWithFilters(Object(CInlineAction), Array)
#14 /Volumes/Mac HDD Storage/MAMP_htdocs/YiiRoot/framework/web/CWebApplication.php(282): CController->run('create')
#15 /Volumes/Mac HDD Storage/MAMP_htdocs/YiiRoot/framework/web/CWebApplication.php(141): CWebApplication->runController('user/create')
#16 /Volumes/Mac HDD Storage/MAMP_htdocs/YiiRoot/framework/base/CApplication.php(180): CWebApplication->processRequest()
#17 /Volumes/Mac HDD Storage/MAMP_htdocs/twitter_auto_favorite_app/index.php(13): CApplication->run()
#18 {main}
REQUEST_URI=/twitter_auto_favorite_app/index.php?r=user/create
HTTP_REFERER=http://localhost/twitter_auto_favorite_app/index.php?r=user/create
---
2014/03/26 18:11:05 [error] [exception.CException] exception 'CException' with message 'Property "User.id" is not defined.' in /Volumes/Mac HDD Storage/MAMP_htdocs/YiiRoot/framework/base/CComponent.php:130
Stack trace:
#0 /Volumes/Mac HDD Storage/MAMP_htdocs/YiiRoot/framework/db/ar/CActiveRecord.php(145): CComponent->__get('id')
#1 /Volumes/Mac HDD Storage/MAMP_htdocs/YiiRoot/framework/db/ar/CActiveRecord.php(1277): CActiveRecord->__get('id')
#2 /Volumes/Mac HDD Storage/MAMP_htdocs/YiiRoot/framework/db/ar/CActiveRecord.php(1096): CActiveRecord->getPrimaryKey()
#3 /Volumes/Mac HDD Storage/MAMP_htdocs/YiiRoot/framework/db/ar/CActiveRecord.php(806): CActiveRecord->insert(NULL)
#4 /Volumes/Mac HDD Storage/MAMP_htdocs/twitter_auto_favorite_app/protected/controllers/UserController.php(73): CActiveRecord->save()
#5 /Volumes/Mac HDD Storage/MAMP_htdocs/YiiRoot/framework/web/actions/CInlineAction.php(49): UserController->actionCreate()
#6 /Volumes/Mac HDD Storage/MAMP_htdocs/YiiRoot/framework/web/CController.php(308): CInlineAction->runWithParams(Array)
#7 /Volumes/Mac HDD Storage/MAMP_htdocs/YiiRoot/framework/web/filters/CFilterChain.php(133): CController->runAction(Object(CInlineAction))
#8 /Volumes/Mac HDD Storage/MAMP_htdocs/YiiRoot/framework/web/filters/CFilter.php(40): CFilterChain->run()
#9 /Volumes/Mac HDD Storage/MAMP_htdocs/YiiRoot/framework/web/CController.php(1145): CFilter->filter(Object(CFilterChain))
#10 /Volumes/Mac HDD Storage/MAMP_htdocs/YiiRoot/framework/web/filters/CInlineFilter.php(58): CController->filterAccessControl(Object(CFilterChain))
#11 /Volumes/Mac HDD Storage/MAMP_htdocs/YiiRoot/framework/web/filters/CFilterChain.php(130): CInlineFilter->filter(Object(CFilterChain))
#12 /Volumes/Mac HDD Storage/MAMP_htdocs/YiiRoot/framework/web/CController.php(291): CFilterChain->run()
#13 /Volumes/Mac HDD Storage/MAMP_htdocs/YiiRoot/framework/web/CController.php(265): CController->runActionWithFilters(Object(CInlineAction), Array)
#14 /Volumes/Mac HDD Storage/MAMP_htdocs/YiiRoot/framework/web/CWebApplication.php(282): CController->run('create')
#15 /Volumes/Mac HDD Storage/MAMP_htdocs/YiiRoot/framework/web/CWebApplication.php(141): CWebApplication->runController('user/create')
#16 /Volumes/Mac HDD Storage/MAMP_htdocs/YiiRoot/framework/base/CApplication.php(180): CWebApplication->processRequest()
#17 /Volumes/Mac HDD Storage/MAMP_htdocs/twitter_auto_favorite_app/index.php(13): CApplication->run()
#18 {main}
REQUEST_URI=/twitter_auto_favorite_app/index.php?r=user/create
HTTP_REFERER=http://localhost/twitter_auto_favorite_app/index.php?r=user/create
---
2014/03/26 18:11:53 [error] [exception.CException] exception 'CException' with message 'Property "User.id" is not defined.' in /Volumes/Mac HDD Storage/MAMP_htdocs/YiiRoot/framework/base/CComponent.php:130
Stack trace:
#0 /Volumes/Mac HDD Storage/MAMP_htdocs/YiiRoot/framework/db/ar/CActiveRecord.php(145): CComponent->__get('id')
#1 /Volumes/Mac HDD Storage/MAMP_htdocs/YiiRoot/framework/db/ar/CActiveRecord.php(1277): CActiveRecord->__get('id')
#2 /Volumes/Mac HDD Storage/MAMP_htdocs/YiiRoot/framework/db/ar/CActiveRecord.php(1863): CActiveRecord->getPrimaryKey()
#3 /Volumes/Mac HDD Storage/MAMP_htdocs/YiiRoot/framework/db/ar/CActiveRecord.php(1887): CActiveRecord->populateRecord(Array, true)
#4 /Volumes/Mac HDD Storage/MAMP_htdocs/YiiRoot/framework/db/ar/CActiveRecord.php(1351): CActiveRecord->populateRecords(Array, true, NULL)
#5 /Volumes/Mac HDD Storage/MAMP_htdocs/YiiRoot/framework/db/ar/CActiveRecord.php(1470): CActiveRecord->query(Object(CDbCriteria), true)
#6 /Volumes/Mac HDD Storage/MAMP_htdocs/YiiRoot/framework/web/CActiveDataProvider.php(199): CActiveRecord->findAll(Object(CDbCriteria))
#7 /Volumes/Mac HDD Storage/MAMP_htdocs/YiiRoot/framework/web/CDataProvider.php(168): CActiveDataProvider->fetchData()
#8 /Volumes/Mac HDD Storage/MAMP_htdocs/YiiRoot/framework/zii/widgets/CBaseListView.php(111): CDataProvider->getData()
#9 /Volumes/Mac HDD Storage/MAMP_htdocs/YiiRoot/framework/zii/widgets/CListView.php(211): CBaseListView->init()
#10 /Volumes/Mac HDD Storage/MAMP_htdocs/YiiRoot/framework/web/CBaseController.php(147): CListView->init()
#11 /Volumes/Mac HDD Storage/MAMP_htdocs/YiiRoot/framework/web/CBaseController.php(172): CBaseController->createWidget('zii.widgets.CLi...', Array)
#12 /Volumes/Mac HDD Storage/MAMP_htdocs/twitter_auto_favorite_app/protected/views/user/index.php(20): CBaseController->widget('zii.widgets.CLi...', Array)
#13 /Volumes/Mac HDD Storage/MAMP_htdocs/YiiRoot/framework/web/CBaseController.php(126): require('/Volumes/Mac HD...')
#14 /Volumes/Mac HDD Storage/MAMP_htdocs/YiiRoot/framework/web/CBaseController.php(95): CBaseController->renderInternal('/Volumes/Mac HD...', Array, true)
#15 /Volumes/Mac HDD Storage/MAMP_htdocs/YiiRoot/framework/web/CController.php(869): CBaseController->renderFile('/Volumes/Mac HD...', Array, true)
#16 /Volumes/Mac HDD Storage/MAMP_htdocs/YiiRoot/framework/web/CController.php(782): CController->renderPartial('index', Array, true)
#17 /Volumes/Mac HDD Storage/MAMP_htdocs/twitter_auto_favorite_app/protected/controllers/UserController.php(128): CController->render('index', Array)
#18 /Volumes/Mac HDD Storage/MAMP_htdocs/YiiRoot/framework/web/actions/CInlineAction.php(49): UserController->actionIndex()
#19 /Volumes/Mac HDD Storage/MAMP_htdocs/YiiRoot/framework/web/CController.php(308): CInlineAction->runWithParams(Array)
#20 /Volumes/Mac HDD Storage/MAMP_htdocs/YiiRoot/framework/web/filters/CFilterChain.php(133): CController->runAction(Object(CInlineAction))
#21 /Volumes/Mac HDD Storage/MAMP_htdocs/YiiRoot/framework/web/filters/CFilter.php(40): CFilterChain->run()
#22 /Volumes/Mac HDD Storage/MAMP_htdocs/YiiRoot/framework/web/CController.php(1145): CFilter->filter(Object(CFilterChain))
#23 /Volumes/Mac HDD Storage/MAMP_htdocs/YiiRoot/framework/web/filters/CInlineFilter.php(58): CController->filterAccessControl(Object(CFilterChain))
#24 /Volumes/Mac HDD Storage/MAMP_htdocs/YiiRoot/framework/web/filters/CFilterChain.php(130): CInlineFilter->filter(Object(CFilterChain))
#25 /Volumes/Mac HDD Storage/MAMP_htdocs/YiiRoot/framework/web/CController.php(291): CFilterChain->run()
#26 /Volumes/Mac HDD Storage/MAMP_htdocs/YiiRoot/framework/web/CController.php(265): CController->runActionWithFilters(Object(CInlineAction), Array)
#27 /Volumes/Mac HDD Storage/MAMP_htdocs/YiiRoot/framework/web/CWebApplication.php(282): CController->run('')
#28 /Volumes/Mac HDD Storage/MAMP_htdocs/YiiRoot/framework/web/CWebApplication.php(141): CWebApplication->runController('user')
#29 /Volumes/Mac HDD Storage/MAMP_htdocs/YiiRoot/framework/base/CApplication.php(180): CWebApplication->processRequest()
#30 /Volumes/Mac HDD Storage/MAMP_htdocs/twitter_auto_favorite_app/index.php(13): CApplication->run()
#31 {main}
REQUEST_URI=/twitter_auto_favorite_app/index.php?r=user
HTTP_REFERER=http://localhost/twitter_auto_favorite_app/index.php?r=gii/crud/index
---
2014/03/26 18:20:16 [error] [exception.CException] exception 'CException' with message 'Property "User.id" is not defined.' in /Volumes/Mac HDD Storage/MAMP_htdocs/YiiRoot/framework/base/CComponent.php:130
Stack trace:
#0 /Volumes/Mac HDD Storage/MAMP_htdocs/YiiRoot/framework/db/ar/CActiveRecord.php(145): CComponent->__get('id')
#1 /Volumes/Mac HDD Storage/MAMP_htdocs/YiiRoot/framework/db/ar/CActiveRecord.php(1277): CActiveRecord->__get('id')
#2 /Volumes/Mac HDD Storage/MAMP_htdocs/YiiRoot/framework/db/ar/CActiveRecord.php(1863): CActiveRecord->getPrimaryKey()
#3 /Volumes/Mac HDD Storage/MAMP_htdocs/YiiRoot/framework/db/ar/CActiveRecord.php(1887): CActiveRecord->populateRecord(Array, true)
#4 /Volumes/Mac HDD Storage/MAMP_htdocs/YiiRoot/framework/db/ar/CActiveRecord.php(1351): CActiveRecord->populateRecords(Array, true, NULL)
#5 /Volumes/Mac HDD Storage/MAMP_htdocs/YiiRoot/framework/db/ar/CActiveRecord.php(1470): CActiveRecord->query(Object(CDbCriteria), true)
#6 /Volumes/Mac HDD Storage/MAMP_htdocs/YiiRoot/framework/web/CActiveDataProvider.php(199): CActiveRecord->findAll(Object(CDbCriteria))
#7 /Volumes/Mac HDD Storage/MAMP_htdocs/YiiRoot/framework/web/CDataProvider.php(168): CActiveDataProvider->fetchData()
#8 /Volumes/Mac HDD Storage/MAMP_htdocs/YiiRoot/framework/zii/widgets/CBaseListView.php(111): CDataProvider->getData()
#9 /Volumes/Mac HDD Storage/MAMP_htdocs/YiiRoot/framework/zii/widgets/CListView.php(211): CBaseListView->init()
#10 /Volumes/Mac HDD Storage/MAMP_htdocs/YiiRoot/framework/web/CBaseController.php(147): CListView->init()
#11 /Volumes/Mac HDD Storage/MAMP_htdocs/YiiRoot/framework/web/CBaseController.php(172): CBaseController->createWidget('zii.widgets.CLi...', Array)
#12 /Volumes/Mac HDD Storage/MAMP_htdocs/twitter_auto_favorite_app/protected/views/user/index.php(20): CBaseController->widget('zii.widgets.CLi...', Array)
#13 /Volumes/Mac HDD Storage/MAMP_htdocs/YiiRoot/framework/web/CBaseController.php(126): require('/Volumes/Mac HD...')
#14 /Volumes/Mac HDD Storage/MAMP_htdocs/YiiRoot/framework/web/CBaseController.php(95): CBaseController->renderInternal('/Volumes/Mac HD...', Array, true)
#15 /Volumes/Mac HDD Storage/MAMP_htdocs/YiiRoot/framework/web/CController.php(869): CBaseController->renderFile('/Volumes/Mac HD...', Array, true)
#16 /Volumes/Mac HDD Storage/MAMP_htdocs/YiiRoot/framework/web/CController.php(782): CController->renderPartial('index', Array, true)
#17 /Volumes/Mac HDD Storage/MAMP_htdocs/twitter_auto_favorite_app/protected/controllers/UserController.php(128): CController->render('index', Array)
#18 /Volumes/Mac HDD Storage/MAMP_htdocs/YiiRoot/framework/web/actions/CInlineAction.php(49): UserController->actionIndex()
#19 /Volumes/Mac HDD Storage/MAMP_htdocs/YiiRoot/framework/web/CController.php(308): CInlineAction->runWithParams(Array)
#20 /Volumes/Mac HDD Storage/MAMP_htdocs/YiiRoot/framework/web/filters/CFilterChain.php(133): CController->runAction(Object(CInlineAction))
#21 /Volumes/Mac HDD Storage/MAMP_htdocs/YiiRoot/framework/web/filters/CFilter.php(40): CFilterChain->run()
#22 /Volumes/Mac HDD Storage/MAMP_htdocs/YiiRoot/framework/web/CController.php(1145): CFilter->filter(Object(CFilterChain))
#23 /Volumes/Mac HDD Storage/MAMP_htdocs/YiiRoot/framework/web/filters/CInlineFilter.php(58): CController->filterAccessControl(Object(CFilterChain))
#24 /Volumes/Mac HDD Storage/MAMP_htdocs/YiiRoot/framework/web/filters/CFilterChain.php(130): CInlineFilter->filter(Object(CFilterChain))
#25 /Volumes/Mac HDD Storage/MAMP_htdocs/YiiRoot/framework/web/CController.php(291): CFilterChain->run()
#26 /Volumes/Mac HDD Storage/MAMP_htdocs/YiiRoot/framework/web/CController.php(265): CController->runActionWithFilters(Object(CInlineAction), Array)
#27 /Volumes/Mac HDD Storage/MAMP_htdocs/YiiRoot/framework/web/CWebApplication.php(282): CController->run('')
#28 /Volumes/Mac HDD Storage/MAMP_htdocs/YiiRoot/framework/web/CWebApplication.php(141): CWebApplication->runController('user')
#29 /Volumes/Mac HDD Storage/MAMP_htdocs/YiiRoot/framework/base/CApplication.php(180): CWebApplication->processRequest()
#30 /Volumes/Mac HDD Storage/MAMP_htdocs/twitter_auto_favorite_app/index.php(13): CApplication->run()
#31 {main}
REQUEST_URI=/twitter_auto_favorite_app/index.php?r=user
HTTP_REFERER=http://localhost/twitter_auto_favorite_app/index.php?r=gii/crud/index
---
2014/03/26 18:41:17 [error] [exception.CException] exception 'CException' with message 'Property "User.id" is not defined.' in /Volumes/Mac HDD Storage/MAMP_htdocs/YiiRoot/framework/base/CComponent.php:130
Stack trace:
#0 /Volumes/Mac HDD Storage/MAMP_htdocs/YiiRoot/framework/db/ar/CActiveRecord.php(145): CComponent->__get('id')
#1 /Volumes/Mac HDD Storage/MAMP_htdocs/twitter_auto_favorite_app/protected/views/user/_view.php(9): CActiveRecord->__get('id')
#2 /Volumes/Mac HDD Storage/MAMP_htdocs/YiiRoot/framework/web/CBaseController.php(130): require('/Volumes/Mac HD...')
#3 /Volumes/Mac HDD Storage/MAMP_htdocs/YiiRoot/framework/web/CBaseController.php(95): CBaseController->renderInternal('/Volumes/Mac HD...', Array, false)
#4 /Volumes/Mac HDD Storage/MAMP_htdocs/YiiRoot/framework/zii/widgets/CListView.php(291): CBaseController->renderFile('/Volumes/Mac HD...', Array)
#5 /Volumes/Mac HDD Storage/MAMP_htdocs/YiiRoot/framework/zii/widgets/CBaseListView.php(167): CListView->renderItems()
#6 [internal function]: CBaseListView->renderSection(Array)
#7 /Volumes/Mac HDD Storage/MAMP_htdocs/YiiRoot/framework/zii/widgets/CBaseListView.php(150): preg_replace_callback('/{(\w+)}/', Array, '{summary}?{sort...')
#8 /Volumes/Mac HDD Storage/MAMP_htdocs/YiiRoot/framework/zii/widgets/CBaseListView.php(135): CBaseListView->renderContent()
#9 /Volumes/Mac HDD Storage/MAMP_htdocs/YiiRoot/framework/web/CBaseController.php(173): CBaseListView->run()
#10 /Volumes/Mac HDD Storage/MAMP_htdocs/twitter_auto_favorite_app/protected/views/user/index.php(20): CBaseController->widget('zii.widgets.CLi...', Array)
#11 /Volumes/Mac HDD Storage/MAMP_htdocs/YiiRoot/framework/web/CBaseController.php(126): require('/Volumes/Mac HD...')
#12 /Volumes/Mac HDD Storage/MAMP_htdocs/YiiRoot/framework/web/CBaseController.php(95): CBaseController->renderInternal('/Volumes/Mac HD...', Array, true)
#13 /Volumes/Mac HDD Storage/MAMP_htdocs/YiiRoot/framework/web/CController.php(869): CBaseController->renderFile('/Volumes/Mac HD...', Array, true)
#14 /Volumes/Mac HDD Storage/MAMP_htdocs/YiiRoot/framework/web/CController.php(782): CController->renderPartial('index', Array, true)
#15 /Volumes/Mac HDD Storage/MAMP_htdocs/twitter_auto_favorite_app/protected/controllers/UserController.php(128): CController->render('index', Array)
#16 /Volumes/Mac HDD Storage/MAMP_htdocs/YiiRoot/framework/web/actions/CInlineAction.php(49): UserController->actionIndex()
#17 /Volumes/Mac HDD Storage/MAMP_htdocs/YiiRoot/framework/web/CController.php(308): CInlineAction->runWithParams(Array)
#18 /Volumes/Mac HDD Storage/MAMP_htdocs/YiiRoot/framework/web/filters/CFilterChain.php(133): CController->runAction(Object(CInlineAction))
#19 /Volumes/Mac HDD Storage/MAMP_htdocs/YiiRoot/framework/web/filters/CFilter.php(40): CFilterChain->run()
#20 /Volumes/Mac HDD Storage/MAMP_htdocs/YiiRoot/framework/web/CController.php(1145): CFilter->filter(Object(CFilterChain))
#21 /Volumes/Mac HDD Storage/MAMP_htdocs/YiiRoot/framework/web/filters/CInlineFilter.php(58): CController->filterAccessControl(Object(CFilterChain))
#22 /Volumes/Mac HDD Storage/MAMP_htdocs/YiiRoot/framework/web/filters/CFilterChain.php(130): CInlineFilter->filter(Object(CFilterChain))
#23 /Volumes/Mac HDD Storage/MAMP_htdocs/YiiRoot/framework/web/CController.php(291): CFilterChain->run()
#24 /Volumes/Mac HDD Storage/MAMP_htdocs/YiiRoot/framework/web/CController.php(265): CController->runActionWithFilters(Object(CInlineAction), Array)
#25 /Volumes/Mac HDD Storage/MAMP_htdocs/YiiRoot/framework/web/CWebApplication.php(282): CController->run('')
#26 /Volumes/Mac HDD Storage/MAMP_htdocs/YiiRoot/framework/web/CWebApplication.php(141): CWebApplication->runController('user')
#27 /Volumes/Mac HDD Storage/MAMP_htdocs/YiiRoot/framework/base/CApplication.php(180): CWebApplication->processRequest()
#28 /Volumes/Mac HDD Storage/MAMP_htdocs/twitter_auto_favorite_app/index.php(13): CApplication->run()
#29 {main}
REQUEST_URI=/twitter_auto_favorite_app/index.php?r=user
HTTP_REFERER=http://localhost/twitter_auto_favorite_app/index.php?r=gii/crud
---
2014/03/26 21:30:23 [error] [system.db.CDbCommand] CDbCommand::fetchAll() failed: SQLSTATE[42S02]: Base table or view not found: 1146 Table 'twitterautofavorite.twitter_users' doesn't exist. The SQL statement executed was: SHOW FULL COLUMNS FROM `twitter_users`.
in /Volumes/Mac HDD Storage/MAMP_htdocs/twitter_auto_favorite_app/index.php (13)
2014/03/26 21:30:25 [error] [system.db.CDbCommand] CDbCommand::fetchAll() failed: SQLSTATE[42S02]: Base table or view not found: 1146 Table 'twitterautofavorite.twitter_users' doesn't exist. The SQL statement executed was: SHOW FULL COLUMNS FROM `twitter_users`.
in /Volumes/Mac HDD Storage/MAMP_htdocs/twitter_auto_favorite_app/index.php (13)
2014/03/26 21:49:38 [warning] [application] Failed to set unsafe attribute "id" of "User".
in /Volumes/Mac HDD Storage/MAMP_htdocs/twitter_auto_favorite_app/protected/controllers/UserController.php (72)
in /Volumes/Mac HDD Storage/MAMP_htdocs/twitter_auto_favorite_app/index.php (13)
2014/03/26 21:49:38 [warning] [application] Failed to set unsafe attribute "searchtag1" of "User".
in /Volumes/Mac HDD Storage/MAMP_htdocs/twitter_auto_favorite_app/protected/controllers/UserController.php (72)
in /Volumes/Mac HDD Storage/MAMP_htdocs/twitter_auto_favorite_app/index.php (13)
2014/03/26 21:49:38 [warning] [application] Failed to set unsafe attribute "searchtag2" of "User".
in /Volumes/Mac HDD Storage/MAMP_htdocs/twitter_auto_favorite_app/protected/controllers/UserController.php (72)
in /Volumes/Mac HDD Storage/MAMP_htdocs/twitter_auto_favorite_app/index.php (13)
2014/03/26 21:49:38 [warning] [application] Failed to set unsafe attribute "searchtag3" of "User".
in /Volumes/Mac HDD Storage/MAMP_htdocs/twitter_auto_favorite_app/protected/controllers/UserController.php (72)
in /Volumes/Mac HDD Storage/MAMP_htdocs/twitter_auto_favorite_app/index.php (13)
2014/03/26 21:49:38 [warning] [application] Failed to set unsafe attribute "searchtag4" of "User".
in /Volumes/Mac HDD Storage/MAMP_htdocs/twitter_auto_favorite_app/protected/controllers/UserController.php (72)
in /Volumes/Mac HDD Storage/MAMP_htdocs/twitter_auto_favorite_app/index.php (13)
2014/03/26 21:49:38 [warning] [application] Failed to set unsafe attribute "searchtag5" of "User".
in /Volumes/Mac HDD Storage/MAMP_htdocs/twitter_auto_favorite_app/protected/controllers/UserController.php (72)
in /Volumes/Mac HDD Storage/MAMP_htdocs/twitter_auto_favorite_app/index.php (13)
2014/03/26 21:49:38 [warning] [application] Failed to set unsafe attribute "searchtag6" of "User".
in /Volumes/Mac HDD Storage/MAMP_htdocs/twitter_auto_favorite_app/protected/controllers/UserController.php (72)
in /Volumes/Mac HDD Storage/MAMP_htdocs/twitter_auto_favorite_app/index.php (13)
2014/03/26 21:49:38 [error] [exception.CException] exception 'CException' with message 'Property "User.searchtag" is not defined.' in /Volumes/Mac HDD Storage/MAMP_htdocs/YiiRoot/framework/base/CComponent.php:130
Stack trace:
#0 /Volumes/Mac HDD Storage/MAMP_htdocs/YiiRoot/framework/db/ar/CActiveRecord.php(145): CComponent->__get('searchtag')
#1 /Volumes/Mac HDD Storage/MAMP_htdocs/YiiRoot/framework/validators/CRequiredValidator.php(58): CActiveRecord->__get('searchtag')
#2 /Volumes/Mac HDD Storage/MAMP_htdocs/YiiRoot/framework/validators/CValidator.php(213): CRequiredValidator->validateAttribute(Object(User), 'searchtag')
#3 /Volumes/Mac HDD Storage/MAMP_htdocs/YiiRoot/framework/base/CModel.php(159): CValidator->validate(Object(User), NULL)
#4 /Volumes/Mac HDD Storage/MAMP_htdocs/YiiRoot/framework/db/ar/CActiveRecord.php(805): CModel->validate(NULL)
#5 /Volumes/Mac HDD Storage/MAMP_htdocs/twitter_auto_favorite_app/protected/controllers/UserController.php(73): CActiveRecord->save()
#6 /Volumes/Mac HDD Storage/MAMP_htdocs/YiiRoot/framework/web/actions/CInlineAction.php(49): UserController->actionCreate()
#7 /Volumes/Mac HDD Storage/MAMP_htdocs/YiiRoot/framework/web/CController.php(308): CInlineAction->runWithParams(Array)
#8 /Volumes/Mac HDD Storage/MAMP_htdocs/YiiRoot/framework/web/filters/CFilterChain.php(133): CController->runAction(Object(CInlineAction))
#9 /Volumes/Mac HDD Storage/MAMP_htdocs/YiiRoot/framework/web/filters/CFilter.php(40): CFilterChain->run()
#10 /Volumes/Mac HDD Storage/MAMP_htdocs/YiiRoot/framework/web/CController.php(1145): CFilter->filter(Object(CFilterChain))
#11 /Volumes/Mac HDD Storage/MAMP_htdocs/YiiRoot/framework/web/filters/CInlineFilter.php(58): CController->filterAccessControl(Object(CFilterChain))
#12 /Volumes/Mac HDD Storage/MAMP_htdocs/YiiRoot/framework/web/filters/CFilterChain.php(130): CInlineFilter->filter(Object(CFilterChain))
#13 /Volumes/Mac HDD Storage/MAMP_htdocs/YiiRoot/framework/web/CController.php(291): CFilterChain->run()
#14 /Volumes/Mac HDD Storage/MAMP_htdocs/YiiRoot/framework/web/CController.php(265): CController->runActionWithFilters(Object(CInlineAction), Array)
#15 /Volumes/Mac HDD Storage/MAMP_htdocs/YiiRoot/framework/web/CWebApplication.php(282): CController->run('create')
#16 /Volumes/Mac HDD Storage/MAMP_htdocs/YiiRoot/framework/web/CWebApplication.php(141): CWebApplication->runController('user/create')
#17 /Volumes/Mac HDD Storage/MAMP_htdocs/YiiRoot/framework/base/CApplication.php(180): CWebApplication->processRequest()
#18 /Volumes/Mac HDD Storage/MAMP_htdocs/twitter_auto_favorite_app/index.php(13): CApplication->run()
#19 {main}
REQUEST_URI=/twitter_auto_favorite_app/index.php?r=user/create
HTTP_REFERER=http://localhost/twitter_auto_favorite_app/index.php?r=user/create
---
2014/03/26 21:50:06 [warning] [application] Failed to set unsafe attribute "id" of "User".
in /Volumes/Mac HDD Storage/MAMP_htdocs/twitter_auto_favorite_app/protected/controllers/UserController.php (72)
in /Volumes/Mac HDD Storage/MAMP_htdocs/twitter_auto_favorite_app/index.php (13)
2014/03/26 21:50:06 [warning] [application] Failed to set unsafe attribute "searchtag1" of "User".
in /Volumes/Mac HDD Storage/MAMP_htdocs/twitter_auto_favorite_app/protected/controllers/UserController.php (72)
in /Volumes/Mac HDD Storage/MAMP_htdocs/twitter_auto_favorite_app/index.php (13)
2014/03/26 21:50:06 [warning] [application] Failed to set unsafe attribute "searchtag2" of "User".
in /Volumes/Mac HDD Storage/MAMP_htdocs/twitter_auto_favorite_app/protected/controllers/UserController.php (72)
in /Volumes/Mac HDD Storage/MAMP_htdocs/twitter_auto_favorite_app/index.php (13)
2014/03/26 21:50:06 [warning] [application] Failed to set unsafe attribute "searchtag3" of "User".
in /Volumes/Mac HDD Storage/MAMP_htdocs/twitter_auto_favorite_app/protected/controllers/UserController.php (72)
in /Volumes/Mac HDD Storage/MAMP_htdocs/twitter_auto_favorite_app/index.php (13)
2014/03/26 21:50:06 [warning] [application] Failed to set unsafe attribute "searchtag4" of "User".
in /Volumes/Mac HDD Storage/MAMP_htdocs/twitter_auto_favorite_app/protected/controllers/UserController.php (72)
in /Volumes/Mac HDD Storage/MAMP_htdocs/twitter_auto_favorite_app/index.php (13)
2014/03/26 21:50:06 [warning] [application] Failed to set unsafe attribute "searchtag5" of "User".
in /Volumes/Mac HDD Storage/MAMP_htdocs/twitter_auto_favorite_app/protected/controllers/UserController.php (72)
in /Volumes/Mac HDD Storage/MAMP_htdocs/twitter_auto_favorite_app/index.php (13)
2014/03/26 21:50:06 [warning] [application] Failed to set unsafe attribute "searchtag6" of "User".
in /Volumes/Mac HDD Storage/MAMP_htdocs/twitter_auto_favorite_app/protected/controllers/UserController.php (72)
in /Volumes/Mac HDD Storage/MAMP_htdocs/twitter_auto_favorite_app/index.php (13)
2014/03/26 21:50:06 [error] [exception.CException] exception 'CException' with message 'Property "User.searchtag" is not defined.' in /Volumes/Mac HDD Storage/MAMP_htdocs/YiiRoot/framework/base/CComponent.php:130
Stack trace:
#0 /Volumes/Mac HDD Storage/MAMP_htdocs/YiiRoot/framework/db/ar/CActiveRecord.php(145): CComponent->__get('searchtag')
#1 /Volumes/Mac HDD Storage/MAMP_htdocs/YiiRoot/framework/validators/CRequiredValidator.php(58): CActiveRecord->__get('searchtag')
#2 /Volumes/Mac HDD Storage/MAMP_htdocs/YiiRoot/framework/validators/CValidator.php(213): CRequiredValidator->validateAttribute(Object(User), 'searchtag')
#3 /Volumes/Mac HDD Storage/MAMP_htdocs/YiiRoot/framework/base/CModel.php(159): CValidator->validate(Object(User), NULL)
#4 /Volumes/Mac HDD Storage/MAMP_htdocs/YiiRoot/framework/db/ar/CActiveRecord.php(805): CModel->validate(NULL)
#5 /Volumes/Mac HDD Storage/MAMP_htdocs/twitter_auto_favorite_app/protected/controllers/UserController.php(73): CActiveRecord->save()
#6 /Volumes/Mac HDD Storage/MAMP_htdocs/YiiRoot/framework/web/actions/CInlineAction.php(49): UserController->actionCreate()
#7 /Volumes/Mac HDD Storage/MAMP_htdocs/YiiRoot/framework/web/CController.php(308): CInlineAction->runWithParams(Array)
#8 /Volumes/Mac HDD Storage/MAMP_htdocs/YiiRoot/framework/web/filters/CFilterChain.php(133): CController->runAction(Object(CInlineAction))
#9 /Volumes/Mac HDD Storage/MAMP_htdocs/YiiRoot/framework/web/filters/CFilter.php(40): CFilterChain->run()
#10 /Volumes/Mac HDD Storage/MAMP_htdocs/YiiRoot/framework/web/CController.php(1145): CFilter->filter(Object(CFilterChain))
#11 /Volumes/Mac HDD Storage/MAMP_htdocs/YiiRoot/framework/web/filters/CInlineFilter.php(58): CController->filterAccessControl(Object(CFilterChain))
#12 /Volumes/Mac HDD Storage/MAMP_htdocs/YiiRoot/framework/web/filters/CFilterChain.php(130): CInlineFilter->filter(Object(CFilterChain))
#13 /Volumes/Mac HDD Storage/MAMP_htdocs/YiiRoot/framework/web/CController.php(291): CFilterChain->run()
#14 /Volumes/Mac HDD Storage/MAMP_htdocs/YiiRoot/framework/web/CController.php(265): CController->runActionWithFilters(Object(CInlineAction), Array)
#15 /Volumes/Mac HDD Storage/MAMP_htdocs/YiiRoot/framework/web/CWebApplication.php(282): CController->run('create')
#16 /Volumes/Mac HDD Storage/MAMP_htdocs/YiiRoot/framework/web/CWebApplication.php(141): CWebApplication->runController('user/create')
#17 /Volumes/Mac HDD Storage/MAMP_htdocs/YiiRoot/framework/base/CApplication.php(180): CWebApplication->processRequest()
#18 /Volumes/Mac HDD Storage/MAMP_htdocs/twitter_auto_favorite_app/index.php(13): CApplication->run()
#19 {main}
REQUEST_URI=/twitter_auto_favorite_app/index.php?r=user/create
HTTP_REFERER=http://localhost/twitter_auto_favorite_app/index.php?r=user/create
---
2014/03/26 21:50:16 [error] [exception.CException] exception 'CException' with message 'Property "User.searchtag" is not defined.' in /Volumes/Mac HDD Storage/MAMP_htdocs/YiiRoot/framework/base/CComponent.php:130
Stack trace:
#0 /Volumes/Mac HDD Storage/MAMP_htdocs/YiiRoot/framework/db/ar/CActiveRecord.php(145): CComponent->__get('searchtag')
#1 /Volumes/Mac HDD Storage/MAMP_htdocs/twitter_auto_favorite_app/protected/models/User.php(91): CActiveRecord->__get('searchtag')
#2 /Volumes/Mac HDD Storage/MAMP_htdocs/twitter_auto_favorite_app/protected/views/user/admin.php(45): User->search()
#3 /Volumes/Mac HDD Storage/MAMP_htdocs/YiiRoot/framework/web/CBaseController.php(126): require('/Volumes/Mac HD...')
#4 /Volumes/Mac HDD Storage/MAMP_htdocs/YiiRoot/framework/web/CBaseController.php(95): CBaseController->renderInternal('/Volumes/Mac HD...', Array, true)
#5 /Volumes/Mac HDD Storage/MAMP_htdocs/YiiRoot/framework/web/CController.php(869): CBaseController->renderFile('/Volumes/Mac HD...', Array, true)
#6 /Volumes/Mac HDD Storage/MAMP_htdocs/YiiRoot/framework/web/CController.php(782): CController->renderPartial('admin', Array, true)
#7 /Volumes/Mac HDD Storage/MAMP_htdocs/twitter_auto_favorite_app/protected/controllers/UserController.php(143): CController->render('admin', Array)
#8 /Volumes/Mac HDD Storage/MAMP_htdocs/YiiRoot/framework/web/actions/CInlineAction.php(49): UserController->actionAdmin()
#9 /Volumes/Mac HDD Storage/MAMP_htdocs/YiiRoot/framework/web/CController.php(308): CInlineAction->runWithParams(Array)
#10 /Volumes/Mac HDD Storage/MAMP_htdocs/YiiRoot/framework/web/filters/CFilterChain.php(133): CController->runAction(Object(CInlineAction))
#11 /Volumes/Mac HDD Storage/MAMP_htdocs/YiiRoot/framework/web/filters/CFilter.php(40): CFilterChain->run()
#12 /Volumes/Mac HDD Storage/MAMP_htdocs/YiiRoot/framework/web/CController.php(1145): CFilter->filter(Object(CFilterChain))
#13 /Volumes/Mac HDD Storage/MAMP_htdocs/YiiRoot/framework/web/filters/CInlineFilter.php(58): CController->filterAccessControl(Object(CFilterChain))
#14 /Volumes/Mac HDD Storage/MAMP_htdocs/YiiRoot/framework/web/filters/CFilterChain.php(130): CInlineFilter->filter(Object(CFilterChain))
#15 /Volumes/Mac HDD Storage/MAMP_htdocs/YiiRoot/framework/web/CController.php(291): CFilterChain->run()
#16 /Volumes/Mac HDD Storage/MAMP_htdocs/YiiRoot/framework/web/CController.php(265): CController->runActionWithFilters(Object(CInlineAction), Array)
#17 /Volumes/Mac HDD Storage/MAMP_htdocs/YiiRoot/framework/web/CWebApplication.php(282): CController->run('admin')
#18 /Volumes/Mac HDD Storage/MAMP_htdocs/YiiRoot/framework/web/CWebApplication.php(141): CWebApplication->runController('user/admin')
#19 /Volumes/Mac HDD Storage/MAMP_htdocs/YiiRoot/framework/base/CApplication.php(180): CWebApplication->processRequest()
#20 /Volumes/Mac HDD Storage/MAMP_htdocs/twitter_auto_favorite_app/index.php(13): CApplication->run()
#21 {main}
REQUEST_URI=/twitter_auto_favorite_app/index.php?r=user/admin
HTTP_REFERER=http://localhost/twitter_auto_favorite_app/index.php?r=user/create
---
2014/03/26 21:50:21 [error] [exception.CException] exception 'CException' with message 'Property "User.searchtag" is not defined.' in /Volumes/Mac HDD Storage/MAMP_htdocs/YiiRoot/framework/base/CComponent.php:130
Stack trace:
#0 /Volumes/Mac HDD Storage/MAMP_htdocs/YiiRoot/framework/db/ar/CActiveRecord.php(145): CComponent->__get('searchtag')
#1 /Volumes/Mac HDD Storage/MAMP_htdocs/twitter_auto_favorite_app/protected/models/User.php(91): CActiveRecord->__get('searchtag')
#2 /Volumes/Mac HDD Storage/MAMP_htdocs/twitter_auto_favorite_app/protected/views/user/admin.php(45): User->search()
#3 /Volumes/Mac HDD Storage/MAMP_htdocs/YiiRoot/framework/web/CBaseController.php(126): require('/Volumes/Mac HD...')
#4 /Volumes/Mac HDD Storage/MAMP_htdocs/YiiRoot/framework/web/CBaseController.php(95): CBaseController->renderInternal('/Volumes/Mac HD...', Array, true)
#5 /Volumes/Mac HDD Storage/MAMP_htdocs/YiiRoot/framework/web/CController.php(869): CBaseController->renderFile('/Volumes/Mac HD...', Array, true)
#6 /Volumes/Mac HDD Storage/MAMP_htdocs/YiiRoot/framework/web/CController.php(782): CController->renderPartial('admin', Array, true)
#7 /Volumes/Mac HDD Storage/MAMP_htdocs/twitter_auto_favorite_app/protected/controllers/UserController.php(143): CController->render('admin', Array)
#8 /Volumes/Mac HDD Storage/MAMP_htdocs/YiiRoot/framework/web/actions/CInlineAction.php(49): UserController->actionAdmin()
#9 /Volumes/Mac HDD Storage/MAMP_htdocs/YiiRoot/framework/web/CController.php(308): CInlineAction->runWithParams(Array)
#10 /Volumes/Mac HDD Storage/MAMP_htdocs/YiiRoot/framework/web/filters/CFilterChain.php(133): CController->runAction(Object(CInlineAction))
#11 /Volumes/Mac HDD Storage/MAMP_htdocs/YiiRoot/framework/web/filters/CFilter.php(40): CFilterChain->run()
#12 /Volumes/Mac HDD Storage/MAMP_htdocs/YiiRoot/framework/web/CController.php(1145): CFilter->filter(Object(CFilterChain))
#13 /Volumes/Mac HDD Storage/MAMP_htdocs/YiiRoot/framework/web/filters/CInlineFilter.php(58): CController->filterAccessControl(Object(CFilterChain))
#14 /Volumes/Mac HDD Storage/MAMP_htdocs/YiiRoot/framework/web/filters/CFilterChain.php(130): CInlineFilter->filter(Object(CFilterChain))
#15 /Volumes/Mac HDD Storage/MAMP_htdocs/YiiRoot/framework/web/CController.php(291): CFilterChain->run()
#16 /Volumes/Mac HDD Storage/MAMP_htdocs/YiiRoot/framework/web/CController.php(265): CController->runActionWithFilters(Object(CInlineAction), Array)
#17 /Volumes/Mac HDD Storage/MAMP_htdocs/YiiRoot/framework/web/CWebApplication.php(282): CController->run('admin')
#18 /Volumes/Mac HDD Storage/MAMP_htdocs/YiiRoot/framework/web/CWebApplication.php(141): CWebApplication->runController('user/admin')
#19 /Volumes/Mac HDD Storage/MAMP_htdocs/YiiRoot/framework/base/CApplication.php(180): CWebApplication->processRequest()
#20 /Volumes/Mac HDD Storage/MAMP_htdocs/twitter_auto_favorite_app/index.php(13): CApplication->run()
#21 {main}
REQUEST_URI=/twitter_auto_favorite_app/index.php?r=user/admin
HTTP_REFERER=http://localhost/twitter_auto_favorite_app/index.php?r=user/index
---
2014/03/26 21:51:05 [error] [exception.CException] exception 'CException' with message 'Property "User.searchtag" is not defined.' in /Volumes/Mac HDD Storage/MAMP_htdocs/YiiRoot/framework/base/CComponent.php:130
Stack trace:
#0 /Volumes/Mac HDD Storage/MAMP_htdocs/YiiRoot/framework/db/ar/CActiveRecord.php(145): CComponent->__get('searchtag')
#1 /Volumes/Mac HDD Storage/MAMP_htdocs/twitter_auto_favorite_app/protected/models/User.php(96): CActiveRecord->__get('searchtag')
#2 /Volumes/Mac HDD Storage/MAMP_htdocs/twitter_auto_favorite_app/protected/views/user/admin.php(45): User->search()
#3 /Volumes/Mac HDD Storage/MAMP_htdocs/YiiRoot/framework/web/CBaseController.php(126): require('/Volumes/Mac HD...')
#4 /Volumes/Mac HDD Storage/MAMP_htdocs/YiiRoot/framework/web/CBaseController.php(95): CBaseController->renderInternal('/Volumes/Mac HD...', Array, true)
#5 /Volumes/Mac HDD Storage/MAMP_htdocs/YiiRoot/framework/web/CController.php(869): CBaseController->renderFile('/Volumes/Mac HD...', Array, true)
#6 /Volumes/Mac HDD Storage/MAMP_htdocs/YiiRoot/framework/web/CController.php(782): CController->renderPartial('admin', Array, true)
#7 /Volumes/Mac HDD Storage/MAMP_htdocs/twitter_auto_favorite_app/protected/controllers/UserController.php(143): CController->render('admin', Array)
#8 /Volumes/Mac HDD Storage/MAMP_htdocs/YiiRoot/framework/web/actions/CInlineAction.php(49): UserController->actionAdmin()
#9 /Volumes/Mac HDD Storage/MAMP_htdocs/YiiRoot/framework/web/CController.php(308): CInlineAction->runWithParams(Array)
#10 /Volumes/Mac HDD Storage/MAMP_htdocs/YiiRoot/framework/web/filters/CFilterChain.php(133): CController->runAction(Object(CInlineAction))
#11 /Volumes/Mac HDD Storage/MAMP_htdocs/YiiRoot/framework/web/filters/CFilter.php(40): CFilterChain->run()
#12 /Volumes/Mac HDD Storage/MAMP_htdocs/YiiRoot/framework/web/CController.php(1145): CFilter->filter(Object(CFilterChain))
#13 /Volumes/Mac HDD Storage/MAMP_htdocs/YiiRoot/framework/web/filters/CInlineFilter.php(58): CController->filterAccessControl(Object(CFilterChain))
#14 /Volumes/Mac HDD Storage/MAMP_htdocs/YiiRoot/framework/web/filters/CFilterChain.php(130): CInlineFilter->filter(Object(CFilterChain))
#15 /Volumes/Mac HDD Storage/MAMP_htdocs/YiiRoot/framework/web/CController.php(291): CFilterChain->run()
#16 /Volumes/Mac HDD Storage/MAMP_htdocs/YiiRoot/framework/web/CController.php(265): CController->runActionWithFilters(Object(CInlineAction), Array)
#17 /Volumes/Mac HDD Storage/MAMP_htdocs/YiiRoot/framework/web/CWebApplication.php(282): CController->run('admin')
#18 /Volumes/Mac HDD Storage/MAMP_htdocs/YiiRoot/framework/web/CWebApplication.php(141): CWebApplication->runController('user/admin')
#19 /Volumes/Mac HDD Storage/MAMP_htdocs/YiiRoot/framework/base/CApplication.php(180): CWebApplication->processRequest()
#20 /Volumes/Mac HDD Storage/MAMP_htdocs/twitter_auto_favorite_app/index.php(13): CApplication->run()
#21 {main}
REQUEST_URI=/twitter_auto_favorite_app/index.php?r=user/admin
HTTP_REFERER=http://localhost/twitter_auto_favorite_app/index.php?r=user/index
---
2014/03/26 21:51:40 [error] [exception.CException] exception 'CException' with message 'Property "User.searchtag" is not defined.' in /Volumes/Mac HDD Storage/MAMP_htdocs/YiiRoot/framework/base/CComponent.php:130
Stack trace:
#0 /Volumes/Mac HDD Storage/MAMP_htdocs/YiiRoot/framework/db/ar/CActiveRecord.php(145): CComponent->__get('searchtag')
#1 /Volumes/Mac HDD Storage/MAMP_htdocs/twitter_auto_favorite_app/protected/models/User.php(96): CActiveRecord->__get('searchtag')
#2 /Volumes/Mac HDD Storage/MAMP_htdocs/twitter_auto_favorite_app/protected/views/user/admin.php(45): User->search()
#3 /Volumes/Mac HDD Storage/MAMP_htdocs/YiiRoot/framework/web/CBaseController.php(126): require('/Volumes/Mac HD...')
#4 /Volumes/Mac HDD Storage/MAMP_htdocs/YiiRoot/framework/web/CBaseController.php(95): CBaseController->renderInternal('/Volumes/Mac HD...', Array, true)
#5 /Volumes/Mac HDD Storage/MAMP_htdocs/YiiRoot/framework/web/CController.php(869): CBaseController->renderFile('/Volumes/Mac HD...', Array, true)
#6 /Volumes/Mac HDD Storage/MAMP_htdocs/YiiRoot/framework/web/CController.php(782): CController->renderPartial('admin', Array, true)
#7 /Volumes/Mac HDD Storage/MAMP_htdocs/twitter_auto_favorite_app/protected/controllers/UserController.php(143): CController->render('admin', Array)
#8 /Volumes/Mac HDD Storage/MAMP_htdocs/YiiRoot/framework/web/actions/CInlineAction.php(49): UserController->actionAdmin()
#9 /Volumes/Mac HDD Storage/MAMP_htdocs/YiiRoot/framework/web/CController.php(308): CInlineAction->runWithParams(Array)
#10 /Volumes/Mac HDD Storage/MAMP_htdocs/YiiRoot/framework/web/filters/CFilterChain.php(133): CController->runAction(Object(CInlineAction))
#11 /Volumes/Mac HDD Storage/MAMP_htdocs/YiiRoot/framework/web/filters/CFilter.php(40): CFilterChain->run()
#12 /Volumes/Mac HDD Storage/MAMP_htdocs/YiiRoot/framework/web/CController.php(1145): CFilter->filter(Object(CFilterChain))
#13 /Volumes/Mac HDD Storage/MAMP_htdocs/YiiRoot/framework/web/filters/CInlineFilter.php(58): CController->filterAccessControl(Object(CFilterChain))
#14 /Volumes/Mac HDD Storage/MAMP_htdocs/YiiRoot/framework/web/filters/CFilterChain.php(130): CInlineFilter->filter(Object(CFilterChain))
#15 /Volumes/Mac HDD Storage/MAMP_htdocs/YiiRoot/framework/web/CController.php(291): CFilterChain->run()
#16 /Volumes/Mac HDD Storage/MAMP_htdocs/YiiRoot/framework/web/CController.php(265): CController->runActionWithFilters(Object(CInlineAction), Array)
#17 /Volumes/Mac HDD Storage/MAMP_htdocs/YiiRoot/framework/web/CWebApplication.php(282): CController->run('admin')
#18 /Volumes/Mac HDD Storage/MAMP_htdocs/YiiRoot/framework/web/CWebApplication.php(141): CWebApplication->runController('user/admin')
#19 /Volumes/Mac HDD Storage/MAMP_htdocs/YiiRoot/framework/base/CApplication.php(180): CWebApplication->processRequest()
#20 /Volumes/Mac HDD Storage/MAMP_htdocs/twitter_auto_favorite_app/index.php(13): CApplication->run()
#21 {main}
REQUEST_URI=/twitter_auto_favorite_app/index.php?r=user/admin
HTTP_REFERER=http://localhost/twitter_auto_favorite_app/index.php?r=user
---
2014/03/26 22:14:30 [warning] [application] Failed to set unsafe attribute "id" of "User".
in /Volumes/Mac HDD Storage/MAMP_htdocs/twitter_auto_favorite_app/protected/controllers/UserController.php (72)
in /Volumes/Mac HDD Storage/MAMP_htdocs/twitter_auto_favorite_app/index.php (13)
2014/03/26 22:14:54 [warning] [application] Failed to set unsafe attribute "id" of "User".
in /Volumes/Mac HDD Storage/MAMP_htdocs/twitter_auto_favorite_app/protected/controllers/UserController.php (96)
in /Volumes/Mac HDD Storage/MAMP_htdocs/twitter_auto_favorite_app/index.php (13)
